Build started 2014/7/7 13:48:14.
     1>Project "G:\36990097TraceRoute\TraceRoute\TraceRoute.vcxproj" on node 2 (Build target(s)).
     1>ClCompile:
         C:\Program Files (x86)\Microsoft Visual Studio 12.0\VC\bin\CL.exe /c /Zi /nologo /W3 /WX- /O2 /Ob1 /Oy- /D WIN32 /D NDEBUG /D _WINDOWS /D _VC80_UPGRADE=0x0600 /D _USING_V110_SDK71_ /D _MBCS /D _AFXDLL /GF /Gm- /EHsc /MD /GS /Gy /fp:precise /Zc:wchar_t /Zc:forScope /Yc"stdafx.h" /Fp".\Release\TraceRoute.pch" /Fo".\Release\\" /Fd".\Release\vc120.pdb" /Gd /TP /analyze- /errorReport:prompt StdAfx.cpp
         StdAfx.cpp
     1>C:\Program Files (x86)\Microsoft Visual Studio 12.0\VC\atlmfc\include\afx.h(38): warning C4996: 'MBCS_Support_Deprecated_In_MFC': MBCS support in MFC is deprecated and may be removed in a future version of MFC.
                 C:\Program Files (x86)\Microsoft Visual Studio 12.0\VC\atlmfc\include\afx.h(33) : see declaration of 'MBCS_Support_Deprecated_In_MFC'
         _WIN32_WINNT not defined. Defaulting to _WIN32_WINNT_MAXVER (see WinSDKVer.h)
         C:\Program Files (x86)\Microsoft Visual Studio 12.0\VC\bin\CL.exe /c /Zi /nologo /W3 /WX- /O2 /Ob1 /Oy- /D WIN32 /D NDEBUG /D _WINDOWS /D _VC80_UPGRADE=0x0600 /D _USING_V110_SDK71_ /D _MBCS /D _AFXDLL /GF /Gm- /EHsc /MD /GS /Gy /fp:precise /Zc:wchar_t /Zc:forScope /Yu"stdafx.h" /Fp".\Release\TraceRoute.pch" /Fo".\Release\\" /Fd".\Release\vc120.pdb" /Gd /TP /analyze- /errorReport:prompt Tracer.cpp TraceRoute.cpp TraceRouteDlg.cpp
         Tracer.cpp
         TraceRoute.cpp
     1>TraceRoute.cpp(52): warning C4996: 'CWinApp::Enable3dControls': CWinApp::Enable3dControls is no longer needed. You should remove this call.
                 C:\Program Files (x86)\Microsoft Visual Studio 12.0\VC\atlmfc\include\afxwin.h(5178) : see declaration of 'CWinApp::Enable3dControls'
         TraceRouteDlg.cpp
         Generating Code...
       ResourceCompile:
         C:\Program Files (x86)\Microsoft SDKs\Windows\v7.1A\bin\rc.exe /D NDEBUG /D _VC80_UPGRADE=0x0600 /D _USING_V110_SDK71_ /D _AFXDLL /l"0x0804" /nologo /fo".\Release\TraceRoute.res" TraceRoute.rc 
       Link:
         C:\Program Files (x86)\Microsoft Visual Studio 12.0\VC\bin\link.exe /ERRORREPORT:PROMPT /OUT:".\Release\TraceRoute.exe" /INCREMENTAL:NO /NOLOGO /MANIFEST /MANIFESTUAC:"level='asInvoker' uiAccess='false'" /manifest:embed /manifestinput:"C:\Program Files (x86)\Microsoft Visual Studio 12.0\VC\Include\Manifest\dpiaware.manifest" /PDB:".\Release\TraceRoute.pdb" /SUBSYSTEM:WINDOWS,"5.01" /TLBID:1 /DYNAMICBASE /NXCOMPAT /IMPLIB:".\Release\TraceRoute.lib" /MACHINE:X86 /SAFESEH .\Release\TraceRoute.res
         .\Release\StdAfx.obj
         .\Release\Tracer.obj
         .\Release\TraceRoute.obj
         .\Release\TraceRouteDlg.obj
         TraceRoute.vcxproj -> G:\36990097TraceRoute\TraceRoute\.\Release\TraceRoute.exe
     1>Done Building Project "G:\36990097TraceRoute\TraceRoute\TraceRoute.vcxproj" (Build target(s)).

Build succeeded.

Time Elapsed 00:00:37.88
